2021-09-03 12:46:40.963  INFO 18688 --- [restartedMain] c.stackroute.ProductServiceApplication   : The following profiles are active: test
2021-09-03 12:46:44.780  INFO 18688 --- [restartedMain] .s.d.r.c.RepositoryConfigurationDelegate : Bootstrapping Spring Data MongoDB repositories in DEFAULT mode.
2021-09-03 12:46:45.584  INFO 18688 --- [restartedMain] .s.d.r.c.RepositoryConfigurationDelegate : Finished Spring Data repository scanning in 787ms. Found 1 MongoDB repository interfaces.
2021-09-03 12:46:46.719  INFO 18688 --- [restartedMain] o.s.cloud.context.scope.GenericScope     : BeanFactory id=8f9c6c0e-a4ad-3f89-9e59-ba9601b579fa
2021-09-03 12:46:52.597  INFO 18688 --- [restartedMain] o.s.b.w.embedded.tomcat.TomcatWebServer  : Tomcat initialized with port(s): 8083 (http)
2021-09-03 12:46:52.646  INFO 18688 --- [restartedMain] o.apache.catalina.core.StandardService   : Starting service [Tomcat]
2021-09-03 12:46:52.646  INFO 18688 --- [restartedMain] org.apache.catalina.core.StandardEngine  : Starting Servlet engine: [Apache Tomcat/9.0.46]
2021-09-03 12:46:53.573  INFO 18688 --- [restartedMain] o.a.c.c.C.[Tomcat].[localhost].[/]       : Initializing Spring embedded WebApplicationContext
2021-09-03 12:46:53.575  INFO 18688 --- [restartedMain] w.s.c.ServletWebServerApplicationContext : Root WebApplicationContext: initialization completed in 12526 ms
2021-09-03 12:46:54.226  INFO 18688 --- [restartedMain] org.mongodb.driver.cluster               : Cluster created with settings {hosts=[localhost:27017], mode=SINGLE, requiredClusterType=UNKNOWN, serverSelectionTimeout='30000 ms'}
2021-09-03 12:46:54.727  WARN 18688 --- [restartedMain] o.s.data.convert.CustomConversions       : Registering converter from class java.time.LocalDateTime to class org.joda.time.LocalDateTime as reading converter although it doesn't convert from a store-supported type! You might want to check your annotation setup at the converter implementation.
2021-09-03 12:46:55.051  INFO 18688 --- [restartedMain] o.s.b.d.a.OptionalLiveReloadServer       : LiveReload server is running on port 35729
2021-09-03 12:46:55.216  WARN 18688 --- [restartedMain] o.s.data.convert.CustomConversions       : Registering converter from class java.time.LocalDateTime to class org.joda.time.LocalDateTime as reading converter although it doesn't convert from a store-supported type! You might want to check your annotation setup at the converter implementation.
2021-09-03 12:46:56.470  INFO 18688 --- [cluster-ClusterId{value='6132517eaa6cf40e03c5d026', description='null'}-localhost:27017] org.mongodb.driver.cluster               : Exception in monitor thread while connecting to server localhost:27017

com.mongodb.MongoSocketOpenException: Exception opening socket
	at com.mongodb.internal.connection.SocketStream.open(SocketStream.java:70) ~[mongodb-driver-core-4.0.6.jar:na]
	at com.mongodb.internal.connection.InternalStreamConnection.open(InternalStreamConnection.java:127) ~[mongodb-driver-core-4.0.6.jar:na]
	at com.mongodb.internal.connection.DefaultServerMonitor$ServerMonitorRunnable.run(DefaultServerMonitor.java:117) ~[mongodb-driver-core-4.0.6.jar:na]
	at java.base/java.lang.Thread.run(Thread.java:829) ~[na:na]
Caused by: java.net.ConnectException: Connection refused: connect
	at java.base/java.net.PlainSocketImpl.waitForConnect(Native Method) ~[na:na]
	at java.base/java.net.PlainSocketImpl.socketConnect(PlainSocketImpl.java:107) ~[na:na]
	at java.base/java.net.AbstractPlainSocketImpl.doConnect(AbstractPlainSocketImpl.java:399) ~[na:na]
	at java.base/java.net.AbstractPlainSocketImpl.connectToAddress(AbstractPlainSocketImpl.java:242) ~[na:na]
	at java.base/java.net.AbstractPlainSocketImpl.connect(AbstractPlainSocketImpl.java:224) ~[na:na]
	at java.base/java.net.SocksSocketImpl.connect(SocksSocketImpl.java:392) ~[na:na]
	at java.base/java.net.Socket.connect(Socket.java:609) ~[na:na]
	at com.mongodb.internal.connection.SocketStreamHelper.initialize(SocketStreamHelper.java:63) ~[mongodb-driver-core-4.0.6.jar:na]
	at com.mongodb.internal.connection.SocketStream.initializeSocket(SocketStream.java:79) ~[mongodb-driver-core-4.0.6.jar:na]
	at com.mongodb.internal.connection.SocketStream.open(SocketStream.java:65) ~[mongodb-driver-core-4.0.6.jar:na]
	... 3 common frames omitted

2021-09-03 12:46:57.301  WARN 18688 --- [restartedMain] c.n.c.sources.URLConfigurationSource     : No URLs will be polled as dynamic configuration sources.
2021-09-03 12:46:57.302  INFO 18688 --- [restartedMain] c.n.c.sources.URLConfigurationSource     : To enable URLs as dynamic configuration sources, define System property archaius.configurationSource.additionalUrls or make config.properties available on classpath.
2021-09-03 12:46:57.333  WARN 18688 --- [restartedMain] c.n.c.sources.URLConfigurationSource     : No URLs will be polled as dynamic configuration sources.
2021-09-03 12:46:57.334  INFO 18688 --- [restartedMain] c.n.c.sources.URLConfigurationSource     : To enable URLs as dynamic configuration sources, define System property archaius.configurationSource.additionalUrls or make config.properties available on classpath.
2021-09-03 12:46:57.844  INFO 18688 --- [restartedMain] o.s.s.concurrent.ThreadPoolTaskExecutor  : Initializing ExecutorService 'applicationTaskExecutor'
2021-09-03 12:47:06.259  WARN 18688 --- [restartedMain] ockingLoadBalancerClientRibbonWarnLogger : You already have RibbonLoadBalancerClient on your classpath. It will be used by default. As Spring Cloud Ribbon is in maintenance mode. We recommend switching to BlockingLoadBalancerClient instead. In order to use it, set the value of `spring.cloud.loadbalancer.ribbon.enabled` to `false` or remove spring-cloud-starter-netflix-ribbon from your project.
2021-09-03 12:47:06.534  INFO 18688 --- [restartedMain] o.s.c.n.eureka.InstanceInfoFactory       : Setting initial instance status as: STARTING
2021-09-03 12:47:06.935  INFO 18688 --- [restartedMain] com.netflix.discovery.DiscoveryClient    : Initializing Eureka in region us-east-1
2021-09-03 12:47:07.524  INFO 18688 --- [restartedMain] c.n.d.provider.DiscoveryJerseyProvider   : Using JSON encoding codec LegacyJacksonJson
2021-09-03 12:47:07.524  INFO 18688 --- [restartedMain] c.n.d.provider.DiscoveryJerseyProvider   : Using JSON decoding codec LegacyJacksonJson
2021-09-03 12:47:08.275  INFO 18688 --- [restartedMain] c.n.d.provider.DiscoveryJerseyProvider   : Using XML encoding codec XStreamXml
2021-09-03 12:47:08.275  INFO 18688 --- [restartedMain] c.n.d.provider.DiscoveryJerseyProvider   : Using XML decoding codec XStreamXml
2021-09-03 12:47:08.984  INFO 18688 --- [restartedMain] c.n.d.s.r.aws.ConfigClusterResolver      : Resolving eureka endpoints via configuration
2021-09-03 12:47:11.327  INFO 18688 --- [restartedMain] com.netflix.discovery.DiscoveryClient    : Disable delta property : false
2021-09-03 12:47:11.327  INFO 18688 --- [restartedMain] com.netflix.discovery.DiscoveryClient    : Single vip registry refresh property : null
2021-09-03 12:47:11.327  INFO 18688 --- [restartedMain] com.netflix.discovery.DiscoveryClient    : Force full registry fetch : false
2021-09-03 12:47:11.327  INFO 18688 --- [restartedMain] com.netflix.discovery.DiscoveryClient    : Application is null : false
2021-09-03 12:47:11.327  INFO 18688 --- [restartedMain] com.netflix.discovery.DiscoveryClient    : Registered Applications size is zero : true
2021-09-03 12:47:11.327  INFO 18688 --- [restartedMain] com.netflix.discovery.DiscoveryClient    : Application version is -1: true
2021-09-03 12:47:11.327  INFO 18688 --- [restartedMain] com.netflix.discovery.DiscoveryClient    : Getting all instance registry info from the eureka server
2021-09-03 12:47:11.938  INFO 18688 --- [restartedMain] com.netflix.discovery.DiscoveryClient    : The response status is 200
2021-09-03 12:47:11.949  INFO 18688 --- [restartedMain] com.netflix.discovery.DiscoveryClient    : Starting heartbeat executor: renew interval is: 30
2021-09-03 12:47:11.959  INFO 18688 --- [restartedMain] c.n.discovery.InstanceInfoReplicator     : InstanceInfoReplicator onDemand update allowed rate per min is 4
2021-09-03 12:47:11.978  INFO 18688 --- [restartedMain] com.netflix.discovery.DiscoveryClient    : Discovery Client initialized at timestamp 1630687631970 with initial instances count: 2
2021-09-03 12:47:11.980  INFO 18688 --- [restartedMain] o.s.c.n.e.s.EurekaServiceRegistry        : Registering application PRODUCT with eureka with status UP
2021-09-03 12:47:11.980  INFO 18688 --- [restartedMain] com.netflix.discovery.DiscoveryClient    : Saw local status change event StatusChangeEvent [timestamp=1630687631980, current=UP, previous=STARTING]
2021-09-03 12:47:11.990  INFO 18688 --- [DiscoveryClient-InstanceInfoReplicator-0] com.netflix.discovery.DiscoveryClient    : DiscoveryClient_PRODUCT/CA-LH77FR73.groupinfra.com:product:8083: registering service...
2021-09-03 12:47:12.083  INFO 18688 --- [restartedMain] o.s.b.w.embedded.tomcat.TomcatWebServer  : Tomcat started on port(s): 8083 (http) with context path ''
2021-09-03 12:47:12.083  INFO 18688 --- [restartedMain] .s.c.n.e.s.EurekaAutoServiceRegistration : Updating port to 8083
2021-09-03 12:47:12.112  INFO 18688 --- [DiscoveryClient-InstanceInfoReplicator-0] com.netflix.discovery.DiscoveryClient    : DiscoveryClient_PRODUCT/CA-LH77FR73.groupinfra.com:product:8083 - registration status: 204
2021-09-03 12:47:16.676  INFO 18688 --- [restartedMain] c.stackroute.ProductServiceApplication   : Started ProductServiceApplication in 48.204 seconds (JVM running for 52.516)
2021-09-03 12:49:18.502  INFO 23152 --- [restartedMain] c.stackroute.ProductServiceApplication   : The following profiles are active: test
2021-09-03 12:49:22.092  INFO 23152 --- [restartedMain] .s.d.r.c.RepositoryConfigurationDelegate : Bootstrapping Spring Data MongoDB repositories in DEFAULT mode.
2021-09-03 12:49:22.824  INFO 23152 --- [restartedMain] .s.d.r.c.RepositoryConfigurationDelegate : Finished Spring Data repository scanning in 719ms. Found 1 MongoDB repository interfaces.
2021-09-03 12:49:23.870  INFO 23152 --- [restartedMain] o.s.cloud.context.scope.GenericScope     : BeanFactory id=8f9c6c0e-a4ad-3f89-9e59-ba9601b579fa
2021-09-03 12:49:28.308  INFO 23152 --- [restartedMain] o.s.b.w.embedded.tomcat.TomcatWebServer  : Tomcat initialized with port(s): 8083 (http)
2021-09-03 12:49:28.349  INFO 23152 --- [restartedMain] o.apache.catalina.core.StandardService   : Starting service [Tomcat]
2021-09-03 12:49:28.349  INFO 23152 --- [restartedMain] org.apache.catalina.core.StandardEngine  : Starting Servlet engine: [Apache Tomcat/9.0.46]
2021-09-03 12:49:29.267  INFO 23152 --- [restartedMain] o.a.c.c.C.[Tomcat].[localhost].[/]       : Initializing Spring embedded WebApplicationContext
2021-09-03 12:49:29.268  INFO 23152 --- [restartedMain] w.s.c.ServletWebServerApplicationContext : Root WebApplicationContext: initialization completed in 10699 ms
2021-09-03 12:49:30.038  INFO 23152 --- [restartedMain] org.mongodb.driver.cluster               : Cluster created with settings {hosts=[127.0.0.1:27017], srvHost=cluster0.oxxyi.mongodb.net, mode=MULTIPLE, requiredClusterType=REPLICA_SET, serverSelectionTimeout='30000 ms', requiredReplicaSetName='atlas-ex1492-shard-0'}
2021-09-03 12:49:30.172  INFO 23152 --- [cluster-ClusterId{value='6132521917d2c25e94ff7120', description='null'}-srv-cluster0.oxxyi.mongodb.net] org.mongodb.driver.cluster               : Adding discovered server cluster0-shard-00-00.oxxyi.mongodb.net:27017 to client view of cluster
2021-09-03 12:49:30.283  INFO 23152 --- [cluster-ClusterId{value='6132521917d2c25e94ff7120', description='null'}-srv-cluster0.oxxyi.mongodb.net] org.mongodb.driver.cluster               : Adding discovered server cluster0-shard-00-02.oxxyi.mongodb.net:27017 to client view of cluster
2021-09-03 12:49:30.295  INFO 23152 --- [cluster-ClusterId{value='6132521917d2c25e94ff7120', description='null'}-srv-cluster0.oxxyi.mongodb.net] org.mongodb.driver.cluster               : Adding discovered server cluster0-shard-00-01.oxxyi.mongodb.net:27017 to client view of cluster
2021-09-03 12:49:30.416  WARN 23152 --- [restartedMain] o.s.data.convert.CustomConversions       : Registering converter from class java.time.LocalDateTime to class org.joda.time.LocalDateTime as reading converter although it doesn't convert from a store-supported type! You might want to check your annotation setup at the converter implementation.
2021-09-03 12:49:30.741  INFO 23152 --- [restartedMain] o.s.b.d.a.OptionalLiveReloadServer       : LiveReload server is running on port 35729
2021-09-03 12:49:30.920  WARN 23152 --- [restartedMain] o.s.data.convert.CustomConversions       : Registering converter from class java.time.LocalDateTime to class org.joda.time.LocalDateTime as reading converter although it doesn't convert from a store-supported type! You might want to check your annotation setup at the converter implementation.
2021-09-03 12:49:31.617  INFO 23152 --- [cluster-ClusterId{value='6132521917d2c25e94ff7120', description='null'}-cluster0-shard-00-02.oxxyi.mongodb.net:27017] org.mongodb.driver.connection            : Opened connection [connectionId{localValue:3, serverValue:326032}] to cluster0-shard-00-02.oxxyi.mongodb.net:27017
2021-09-03 12:49:31.617  INFO 23152 --- [cluster-ClusterId{value='6132521917d2c25e94ff7120', description='null'}-cluster0-shard-00-01.oxxyi.mongodb.net:27017] org.mongodb.driver.connection            : Opened connection [connectionId{localValue:2, serverValue:371692}] to cluster0-shard-00-01.oxxyi.mongodb.net:27017
2021-09-03 12:49:31.617  INFO 23152 --- [cluster-ClusterId{value='6132521917d2c25e94ff7120', description='null'}-cluster0-shard-00-00.oxxyi.mongodb.net:27017] org.mongodb.driver.connection            : Opened connection [connectionId{localValue:1, serverValue:326838}] to cluster0-shard-00-00.oxxyi.mongodb.net:27017
2021-09-03 12:49:31.664  INFO 23152 --- [cluster-ClusterId{value='6132521917d2c25e94ff7120', description='null'}-cluster0-shard-00-00.oxxyi.mongodb.net:27017] org.mongodb.driver.cluster               : Monitor thread successfully connected to server with description ServerDescription{address=cluster0-shard-00-00.oxxyi.mongodb.net:27017, type=REPLICA_SET_SECONDARY, state=CONNECTED, ok=true, minWireVersion=0, maxWireVersion=9, maxDocumentSize=16777216, logicalSessionTimeoutMinutes=30, roundTripTimeNanos=36634700, setName='atlas-ex1492-shard-0', canonicalAddress=cluster0-shard-00-00.oxxyi.mongodb.net:27017, hosts=[cluster0-shard-00-01.oxxyi.mongodb.net:27017, cluster0-shard-00-00.oxxyi.mongodb.net:27017, cluster0-shard-00-02.oxxyi.mongodb.net:27017], passives=[], arbiters=[], primary='cluster0-shard-00-01.oxxyi.mongodb.net:27017', tagSet=TagSet{[Tag{name='nodeType', value='ELECTABLE'}, Tag{name='provider', value='AZURE'}, Tag{name='region', value='CANADA_CENTRAL'}, Tag{name='workloadType', value='OPERATIONAL'}]}, electionId=null, setVersion=5, lastWriteDate=Fri Sep 03 12:49:25 EDT 2021, lastUpdateTimeNanos=19184197565000}
2021-09-03 12:49:31.664  INFO 23152 --- [cluster-ClusterId{value='6132521917d2c25e94ff7120', description='null'}-cluster0-shard-00-01.oxxyi.mongodb.net:27017] org.mongodb.driver.cluster               : Monitor thread successfully connected to server with description ServerDescription{address=cluster0-shard-00-01.oxxyi.mongodb.net:27017, type=REPLICA_SET_PRIMARY, state=CONNECTED, ok=true, minWireVersion=0, maxWireVersion=9, maxDocumentSize=16777216, logicalSessionTimeoutMinutes=30, roundTripTimeNanos=36620300, setName='atlas-ex1492-shard-0', canonicalAddress=cluster0-shard-00-01.oxxyi.mongodb.net:27017, hosts=[cluster0-shard-00-01.oxxyi.mongodb.net:27017, cluster0-shard-00-00.oxxyi.mongodb.net:27017, cluster0-shard-00-02.oxxyi.mongodb.net:27017], passives=[], arbiters=[], primary='cluster0-shard-00-01.oxxyi.mongodb.net:27017', tagSet=TagSet{[Tag{name='nodeType', value='ELECTABLE'}, Tag{name='provider', value='AZURE'}, Tag{name='region', value='CANADA_CENTRAL'}, Tag{name='workloadType', value='OPERATIONAL'}]}, electionId=7fffffff000000000000003b, setVersion=5, lastWriteDate=Fri Sep 03 12:49:25 EDT 2021, lastUpdateTimeNanos=19184197565000}
2021-09-03 12:49:31.664  INFO 23152 --- [cluster-ClusterId{value='6132521917d2c25e94ff7120', description='null'}-cluster0-shard-00-02.oxxyi.mongodb.net:27017] org.mongodb.driver.cluster               : Monitor thread successfully connected to server with description ServerDescription{address=cluster0-shard-00-02.oxxyi.mongodb.net:27017, type=REPLICA_SET_SECONDARY, state=CONNECTED, ok=true, minWireVersion=0, maxWireVersion=9, maxDocumentSize=16777216, logicalSessionTimeoutMinutes=30, roundTripTimeNanos=36502500, setName='atlas-ex1492-shard-0', canonicalAddress=cluster0-shard-00-02.oxxyi.mongodb.net:27017, hosts=[cluster0-shard-00-01.oxxyi.mongodb.net:27017, cluster0-shard-00-00.oxxyi.mongodb.net:27017, cluster0-shard-00-02.oxxyi.mongodb.net:27017], passives=[], arbiters=[], primary='cluster0-shard-00-01.oxxyi.mongodb.net:27017', tagSet=TagSet{[Tag{name='nodeType', value='ELECTABLE'}, Tag{name='provider', value='AZURE'}, Tag{name='region', value='CANADA_CENTRAL'}, Tag{name='workloadType', value='OPERATIONAL'}]}, electionId=null, setVersion=5, lastWriteDate=Fri Sep 03 12:49:25 EDT 2021, lastUpdateTimeNanos=19184197564400}
2021-09-03 12:49:31.680  INFO 23152 --- [cluster-ClusterId{value='6132521917d2c25e94ff7120', description='null'}-cluster0-shard-00-01.oxxyi.mongodb.net:27017] org.mongodb.driver.cluster               : Setting max election id to 7fffffff000000000000003b from replica set primary cluster0-shard-00-01.oxxyi.mongodb.net:27017
2021-09-03 12:49:31.686  INFO 23152 --- [cluster-ClusterId{value='6132521917d2c25e94ff7120', description='null'}-cluster0-shard-00-01.oxxyi.mongodb.net:27017] org.mongodb.driver.cluster               : Setting max set version to 5 from replica set primary cluster0-shard-00-01.oxxyi.mongodb.net:27017
2021-09-03 12:49:31.686  INFO 23152 --- [cluster-ClusterId{value='6132521917d2c25e94ff7120', description='null'}-cluster0-shard-00-01.oxxyi.mongodb.net:27017] org.mongodb.driver.cluster               : Discovered replica set primary cluster0-shard-00-01.oxxyi.mongodb.net:27017
2021-09-03 12:49:32.920  WARN 23152 --- [restartedMain] c.n.c.sources.URLConfigurationSource     : No URLs will be polled as dynamic configuration sources.
2021-09-03 12:49:32.921  INFO 23152 --- [restartedMain] c.n.c.sources.URLConfigurationSource     : To enable URLs as dynamic configuration sources, define System property archaius.configurationSource.additionalUrls or make config.properties available on classpath.
2021-09-03 12:49:32.944  WARN 23152 --- [restartedMain] c.n.c.sources.URLConfigurationSource     : No URLs will be polled as dynamic configuration sources.
2021-09-03 12:49:32.946  INFO 23152 --- [restartedMain] c.n.c.sources.URLConfigurationSource     : To enable URLs as dynamic configuration sources, define System property archaius.configurationSource.additionalUrls or make config.properties available on classpath.
2021-09-03 12:49:33.466  INFO 23152 --- [restartedMain] o.s.s.concurrent.ThreadPoolTaskExecutor  : Initializing ExecutorService 'applicationTaskExecutor'
2021-09-03 12:49:41.705  WARN 23152 --- [restartedMain] ockingLoadBalancerClientRibbonWarnLogger : You already have RibbonLoadBalancerClient on your classpath. It will be used by default. As Spring Cloud Ribbon is in maintenance mode. We recommend switching to BlockingLoadBalancerClient instead. In order to use it, set the value of `spring.cloud.loadbalancer.ribbon.enabled` to `false` or remove spring-cloud-starter-netflix-ribbon from your project.
2021-09-03 12:49:41.964  INFO 23152 --- [restartedMain] o.s.c.n.eureka.InstanceInfoFactory       : Setting initial instance status as: STARTING
2021-09-03 12:49:42.290  INFO 23152 --- [restartedMain] com.netflix.discovery.DiscoveryClient    : Initializing Eureka in region us-east-1
2021-09-03 12:49:42.589  INFO 23152 --- [restartedMain] c.n.d.provider.DiscoveryJerseyProvider   : Using JSON encoding codec LegacyJacksonJson
2021-09-03 12:49:42.591  INFO 23152 --- [restartedMain] c.n.d.provider.DiscoveryJerseyProvider   : Using JSON decoding codec LegacyJacksonJson
2021-09-03 12:49:43.194  INFO 23152 --- [restartedMain] c.n.d.provider.DiscoveryJerseyProvider   : Using XML encoding codec XStreamXml
2021-09-03 12:49:43.196  INFO 23152 --- [restartedMain] c.n.d.provider.DiscoveryJerseyProvider   : Using XML decoding codec XStreamXml
2021-09-03 12:49:43.875  INFO 23152 --- [restartedMain] c.n.d.s.r.aws.ConfigClusterResolver      : Resolving eureka endpoints via configuration
2021-09-03 12:49:46.158  INFO 23152 --- [restartedMain] com.netflix.discovery.DiscoveryClient    : Disable delta property : false
2021-09-03 12:49:46.158  INFO 23152 --- [restartedMain] com.netflix.discovery.DiscoveryClient    : Single vip registry refresh property : null
2021-09-03 12:49:46.158  INFO 23152 --- [restartedMain] com.netflix.discovery.DiscoveryClient    : Force full registry fetch : false
2021-09-03 12:49:46.158  INFO 23152 --- [restartedMain] com.netflix.discovery.DiscoveryClient    : Application is null : false
2021-09-03 12:49:46.158  INFO 23152 --- [restartedMain] com.netflix.discovery.DiscoveryClient    : Registered Applications size is zero : true
2021-09-03 12:49:46.158  INFO 23152 --- [restartedMain] com.netflix.discovery.DiscoveryClient    : Application version is -1: true
2021-09-03 12:49:46.158  INFO 23152 --- [restartedMain] com.netflix.discovery.DiscoveryClient    : Getting all instance registry info from the eureka server
2021-09-03 12:49:46.808  INFO 23152 --- [restartedMain] com.netflix.discovery.DiscoveryClient    : The response status is 200
2021-09-03 12:49:46.818  INFO 23152 --- [restartedMain] com.netflix.discovery.DiscoveryClient    : Starting heartbeat executor: renew interval is: 30
2021-09-03 12:49:46.825  INFO 23152 --- [restartedMain] c.n.discovery.InstanceInfoReplicator     : InstanceInfoReplicator onDemand update allowed rate per min is 4
2021-09-03 12:49:46.839  INFO 23152 --- [restartedMain] com.netflix.discovery.DiscoveryClient    : Discovery Client initialized at timestamp 1630687786835 with initial instances count: 2
2021-09-03 12:49:46.841  INFO 23152 --- [restartedMain] o.s.c.n.e.s.EurekaServiceRegistry        : Registering application PRODUCT with eureka with status UP
2021-09-03 12:49:46.842  INFO 23152 --- [restartedMain] com.netflix.discovery.DiscoveryClient    : Saw local status change event StatusChangeEvent [timestamp=1630687786842, current=UP, previous=STARTING]
2021-09-03 12:49:46.851  INFO 23152 --- [DiscoveryClient-InstanceInfoReplicator-0] com.netflix.discovery.DiscoveryClient    : DiscoveryClient_PRODUCT/CA-LH77FR73.groupinfra.com:product:8083: registering service...
2021-09-03 12:49:46.941  INFO 23152 --- [restartedMain] o.s.b.w.embedded.tomcat.TomcatWebServer  : Tomcat started on port(s): 8083 (http) with context path ''
2021-09-03 12:49:46.944  INFO 23152 --- [restartedMain] .s.c.n.e.s.EurekaAutoServiceRegistration : Updating port to 8083
2021-09-03 12:49:46.952  INFO 23152 --- [DiscoveryClient-InstanceInfoReplicator-0] com.netflix.discovery.DiscoveryClient    : DiscoveryClient_PRODUCT/CA-LH77FR73.groupinfra.com:product:8083 - registration status: 204
2021-09-03 12:49:52.297  INFO 23152 --- [restartedMain] c.stackroute.ProductServiceApplication   : Started ProductServiceApplication in 44.718 seconds (JVM running for 48.245)
2021-09-03 12:54:46.171  INFO 23152 --- [AsyncResolver-bootstrap-executor-0] c.n.d.s.r.aws.ConfigClusterResolver      : Resolving eureka endpoints via configuration
2021-09-03 12:59:46.174  INFO 23152 --- [AsyncResolver-bootstrap-executor-0] c.n.d.s.r.aws.ConfigClusterResolver      : Resolving eureka endpoints via configuration
2021-09-03 13:04:46.178  INFO 23152 --- [AsyncResolver-bootstrap-executor-0] c.n.d.s.r.aws.ConfigClusterResolver      : Resolving eureka endpoints via configuration
2021-09-03 13:09:46.190  INFO 23152 --- [AsyncResolver-bootstrap-executor-0] c.n.d.s.r.aws.ConfigClusterResolver      : Resolving eureka endpoints via configuration
2021-09-03 13:14:46.194  INFO 23152 --- [AsyncResolver-bootstrap-executor-0] c.n.d.s.r.aws.ConfigClusterResolver      : Resolving eureka endpoints via configuration
2021-09-03 13:19:46.200  INFO 23152 --- [AsyncResolver-bootstrap-executor-0] c.n.d.s.r.aws.ConfigClusterResolver      : Resolving eureka endpoints via configuration
2021-09-03 13:24:46.211  INFO 23152 --- [AsyncResolver-bootstrap-executor-0] c.n.d.s.r.aws.ConfigClusterResolver      : Resolving eureka endpoints via configuration
2021-09-03 13:29:46.229  INFO 23152 --- [AsyncResolver-bootstrap-executor-0] c.n.d.s.r.aws.ConfigClusterResolver      : Resolving eureka endpoints via configuration
2021-09-03 13:34:46.248  INFO 23152 --- [AsyncResolver-bootstrap-executor-0] c.n.d.s.r.aws.ConfigClusterResolver      : Resolving eureka endpoints via configuration
2021-09-03 13:39:46.269  INFO 23152 --- [AsyncResolver-bootstrap-executor-0] c.n.d.s.r.aws.ConfigClusterResolver      : Resolving eureka endpoints via configuration
2021-09-03 13:44:46.286  INFO 23152 --- [AsyncResolver-bootstrap-executor-0] c.n.d.s.r.aws.ConfigClusterResolver      : Resolving eureka endpoints via configuration
2021-09-03 13:49:46.307  INFO 23152 --- [AsyncResolver-bootstrap-executor-0] c.n.d.s.r.aws.ConfigClusterResolver      : Resolving eureka endpoints via configuration
2021-09-03 13:54:46.313  INFO 23152 --- [AsyncResolver-bootstrap-executor-0] c.n.d.s.r.aws.ConfigClusterResolver      : Resolving eureka endpoints via configuration
2021-09-03 13:59:46.328  INFO 23152 --- [AsyncResolver-bootstrap-executor-0] c.n.d.s.r.aws.ConfigClusterResolver      : Resolving eureka endpoints via configuration
2021-09-03 14:04:46.347  INFO 23152 --- [AsyncResolver-bootstrap-executor-0] c.n.d.s.r.aws.ConfigClusterResolver      : Resolving eureka endpoints via configuration
2021-09-03 14:09:46.367  INFO 23152 --- [AsyncResolver-bootstrap-executor-0] c.n.d.s.r.aws.ConfigClusterResolver      : Resolving eureka endpoints via configuration
2021-09-03 14:14:46.384  INFO 23152 --- [AsyncResolver-bootstrap-executor-0] c.n.d.s.r.aws.ConfigClusterResolver      : Resolving eureka endpoints via configuration
2021-09-03 14:19:46.387  INFO 23152 --- [AsyncResolver-bootstrap-executor-0] c.n.d.s.r.aws.ConfigClusterResolver      : Resolving eureka endpoints via configuration
2021-09-03 14:24:46.392  INFO 23152 --- [AsyncResolver-bootstrap-executor-0] c.n.d.s.r.aws.ConfigClusterResolver      : Resolving eureka endpoints via configuration
2021-09-03 14:29:46.412  INFO 23152 --- [AsyncResolver-bootstrap-executor-0] c.n.d.s.r.aws.ConfigClusterResolver      : Resolving eureka endpoints via configuration
2021-09-03 14:34:46.426  INFO 23152 --- [AsyncResolver-bootstrap-executor-0] c.n.d.s.r.aws.ConfigClusterResolver      : Resolving eureka endpoints via configuration
2021-09-03 14:39:46.436  INFO 23152 --- [AsyncResolver-bootstrap-executor-0] c.n.d.s.r.aws.ConfigClusterResolver      : Resolving eureka endpoints via configuration
2021-09-03 14:44:46.450  INFO 23152 --- [AsyncResolver-bootstrap-executor-0] c.n.d.s.r.aws.ConfigClusterResolver      : Resolving eureka endpoints via configuration
2021-09-03 14:49:46.464  INFO 23152 --- [AsyncResolver-bootstrap-executor-0] c.n.d.s.r.aws.ConfigClusterResolver      : Resolving eureka endpoints via configuration
2021-09-03 14:54:46.470  INFO 23152 --- [AsyncResolver-bootstrap-executor-0] c.n.d.s.r.aws.ConfigClusterResolver      : Resolving eureka endpoints via configuration
2021-09-03 14:59:46.481  INFO 23152 --- [AsyncResolver-bootstrap-executor-0] c.n.d.s.r.aws.ConfigClusterResolver      : Resolving eureka endpoints via configuration
2021-09-03 15:04:46.501  INFO 23152 --- [AsyncResolver-bootstrap-executor-0] c.n.d.s.r.aws.ConfigClusterResolver      : Resolving eureka endpoints via configuration
