2021-09-03 15:21:09.768  INFO 22912 --- [restartedMain] com.stackroute.UserserviceApplication    : The following profiles are active: test
2021-09-03 15:21:13.486  INFO 22912 --- [restartedMain] .s.d.r.c.RepositoryConfigurationDelegate : Bootstrapping Spring Data MongoDB repositories in DEFAULT mode.
2021-09-03 15:21:14.236  INFO 22912 --- [restartedMain] .s.d.r.c.RepositoryConfigurationDelegate : Finished Spring Data repository scanning in 738ms. Found 1 MongoDB repository interfaces.
2021-09-03 15:21:15.351  INFO 22912 --- [restartedMain] o.s.cloud.context.scope.GenericScope     : BeanFactory id=46151dd9-377c-33a5-8dec-ae4833bdc4ce
2021-09-03 15:21:19.700  INFO 22912 --- [restartedMain] o.s.b.w.embedded.tomcat.TomcatWebServer  : Tomcat initialized with port(s): 8084 (http)
2021-09-03 15:21:19.742  INFO 22912 --- [restartedMain] o.apache.catalina.core.StandardService   : Starting service [Tomcat]
2021-09-03 15:21:19.742  INFO 22912 --- [restartedMain] org.apache.catalina.core.StandardEngine  : Starting Servlet engine: [Apache Tomcat/9.0.46]
2021-09-03 15:21:20.650  INFO 22912 --- [restartedMain] o.a.c.c.C.[Tomcat].[localhost].[/]       : Initializing Spring embedded WebApplicationContext
2021-09-03 15:21:20.650  INFO 22912 --- [restartedMain] w.s.c.ServletWebServerApplicationContext : Root WebApplicationContext: initialization completed in 10828 ms
2021-09-03 15:21:21.660  INFO 22912 --- [restartedMain] org.mongodb.driver.cluster               : Cluster created with settings {hosts=[127.0.0.1:27017], srvHost=cluster0.oxxyi.mongodb.net, mode=MULTIPLE, requiredClusterType=REPLICA_SET, serverSelectionTimeout='30000 ms', requiredReplicaSetName='atlas-ex1492-shard-0'}
2021-09-03 15:21:21.783  INFO 22912 --- [cluster-ClusterId{value='613275b19da20a0d6973eaa2', description='null'}-srv-cluster0.oxxyi.mongodb.net] org.mongodb.driver.cluster               : Adding discovered server cluster0-shard-00-00.oxxyi.mongodb.net:27017 to client view of cluster
2021-09-03 15:21:21.894  INFO 22912 --- [cluster-ClusterId{value='613275b19da20a0d6973eaa2', description='null'}-srv-cluster0.oxxyi.mongodb.net] org.mongodb.driver.cluster               : Adding discovered server cluster0-shard-00-01.oxxyi.mongodb.net:27017 to client view of cluster
2021-09-03 15:21:21.896  INFO 22912 --- [cluster-ClusterId{value='613275b19da20a0d6973eaa2', description='null'}-srv-cluster0.oxxyi.mongodb.net] org.mongodb.driver.cluster               : Adding discovered server cluster0-shard-00-02.oxxyi.mongodb.net:27017 to client view of cluster
2021-09-03 15:21:22.020  WARN 22912 --- [restartedMain] o.s.data.convert.CustomConversions       : Registering converter from class java.time.LocalDateTime to class org.joda.time.LocalDateTime as reading converter although it doesn't convert from a store-supported type! You might want to check your annotation setup at the converter implementation.
2021-09-03 15:21:22.378  WARN 22912 --- [restartedMain] o.s.b.d.a.OptionalLiveReloadServer       : Unable to start LiveReload server
2021-09-03 15:21:22.624  WARN 22912 --- [restartedMain] o.s.data.convert.CustomConversions       : Registering converter from class java.time.LocalDateTime to class org.joda.time.LocalDateTime as reading converter although it doesn't convert from a store-supported type! You might want to check your annotation setup at the converter implementation.
2021-09-03 15:21:23.341  INFO 22912 --- [cluster-ClusterId{value='613275b19da20a0d6973eaa2', description='null'}-cluster0-shard-00-00.oxxyi.mongodb.net:27017] org.mongodb.driver.connection            : Opened connection [connectionId{localValue:1, serverValue:328391}] to cluster0-shard-00-00.oxxyi.mongodb.net:27017
2021-09-03 15:21:23.341  INFO 22912 --- [cluster-ClusterId{value='613275b19da20a0d6973eaa2', description='null'}-cluster0-shard-00-02.oxxyi.mongodb.net:27017] org.mongodb.driver.connection            : Opened connection [connectionId{localValue:2, serverValue:327625}] to cluster0-shard-00-02.oxxyi.mongodb.net:27017
2021-09-03 15:21:23.341  INFO 22912 --- [cluster-ClusterId{value='613275b19da20a0d6973eaa2', description='null'}-cluster0-shard-00-01.oxxyi.mongodb.net:27017] org.mongodb.driver.connection            : Opened connection [connectionId{localValue:3, serverValue:373295}] to cluster0-shard-00-01.oxxyi.mongodb.net:27017
2021-09-03 15:21:23.382  INFO 22912 --- [cluster-ClusterId{value='613275b19da20a0d6973eaa2', description='null'}-cluster0-shard-00-02.oxxyi.mongodb.net:27017] org.mongodb.driver.cluster               : Monitor thread successfully connected to server with description ServerDescription{address=cluster0-shard-00-02.oxxyi.mongodb.net:27017, type=REPLICA_SET_SECONDARY, state=CONNECTED, ok=true, minWireVersion=0, maxWireVersion=9, maxDocumentSize=16777216, logicalSessionTimeoutMinutes=30, roundTripTimeNanos=38147500, setName='atlas-ex1492-shard-0', canonicalAddress=cluster0-shard-00-02.oxxyi.mongodb.net:27017, hosts=[cluster0-shard-00-01.oxxyi.mongodb.net:27017, cluster0-shard-00-00.oxxyi.mongodb.net:27017, cluster0-shard-00-02.oxxyi.mongodb.net:27017], passives=[], arbiters=[], primary='cluster0-shard-00-01.oxxyi.mongodb.net:27017', tagSet=TagSet{[Tag{name='nodeType', value='ELECTABLE'}, Tag{name='provider', value='AZURE'}, Tag{name='region', value='CANADA_CENTRAL'}, Tag{name='workloadType', value='OPERATIONAL'}]}, electionId=null, setVersion=5, lastWriteDate=Fri Sep 03 15:21:22 EDT 2021, lastUpdateTimeNanos=28295845756400}
2021-09-03 15:21:23.382  INFO 22912 --- [cluster-ClusterId{value='613275b19da20a0d6973eaa2', description='null'}-cluster0-shard-00-01.oxxyi.mongodb.net:27017] org.mongodb.driver.cluster               : Monitor thread successfully connected to server with description ServerDescription{address=cluster0-shard-00-01.oxxyi.mongodb.net:27017, type=REPLICA_SET_PRIMARY, state=CONNECTED, ok=true, minWireVersion=0, maxWireVersion=9, maxDocumentSize=16777216, logicalSessionTimeoutMinutes=30, roundTripTimeNanos=37820000, setName='atlas-ex1492-shard-0', canonicalAddress=cluster0-shard-00-01.oxxyi.mongodb.net:27017, hosts=[cluster0-shard-00-01.oxxyi.mongodb.net:27017, cluster0-shard-00-00.oxxyi.mongodb.net:27017, cluster0-shard-00-02.oxxyi.mongodb.net:27017], passives=[], arbiters=[], primary='cluster0-shard-00-01.oxxyi.mongodb.net:27017', tagSet=TagSet{[Tag{name='nodeType', value='ELECTABLE'}, Tag{name='provider', value='AZURE'}, Tag{name='region', value='CANADA_CENTRAL'}, Tag{name='workloadType', value='OPERATIONAL'}]}, electionId=7fffffff000000000000003b, setVersion=5, lastWriteDate=Fri Sep 03 15:21:22 EDT 2021, lastUpdateTimeNanos=28295845756100}
2021-09-03 15:21:23.382  INFO 22912 --- [cluster-ClusterId{value='613275b19da20a0d6973eaa2', description='null'}-cluster0-shard-00-00.oxxyi.mongodb.net:27017] org.mongodb.driver.cluster               : Monitor thread successfully connected to server with description ServerDescription{address=cluster0-shard-00-00.oxxyi.mongodb.net:27017, type=REPLICA_SET_SECONDARY, state=CONNECTED, ok=true, minWireVersion=0, maxWireVersion=9, maxDocumentSize=16777216, logicalSessionTimeoutMinutes=30, roundTripTimeNanos=38190500, setName='atlas-ex1492-shard-0', canonicalAddress=cluster0-shard-00-00.oxxyi.mongodb.net:27017, hosts=[cluster0-shard-00-01.oxxyi.mongodb.net:27017, cluster0-shard-00-00.oxxyi.mongodb.net:27017, cluster0-shard-00-02.oxxyi.mongodb.net:27017], passives=[], arbiters=[], primary='cluster0-shard-00-01.oxxyi.mongodb.net:27017', tagSet=TagSet{[Tag{name='nodeType', value='ELECTABLE'}, Tag{name='provider', value='AZURE'}, Tag{name='region', value='CANADA_CENTRAL'}, Tag{name='workloadType', value='OPERATIONAL'}]}, electionId=null, setVersion=5, lastWriteDate=Fri Sep 03 15:21:22 EDT 2021, lastUpdateTimeNanos=28295845756200}
2021-09-03 15:21:23.392  INFO 22912 --- [cluster-ClusterId{value='613275b19da20a0d6973eaa2', description='null'}-cluster0-shard-00-01.oxxyi.mongodb.net:27017] org.mongodb.driver.cluster               : Setting max election id to 7fffffff000000000000003b from replica set primary cluster0-shard-00-01.oxxyi.mongodb.net:27017
2021-09-03 15:21:23.392  INFO 22912 --- [cluster-ClusterId{value='613275b19da20a0d6973eaa2', description='null'}-cluster0-shard-00-01.oxxyi.mongodb.net:27017] org.mongodb.driver.cluster               : Setting max set version to 5 from replica set primary cluster0-shard-00-01.oxxyi.mongodb.net:27017
2021-09-03 15:21:23.392  INFO 22912 --- [cluster-ClusterId{value='613275b19da20a0d6973eaa2', description='null'}-cluster0-shard-00-01.oxxyi.mongodb.net:27017] org.mongodb.driver.cluster               : Discovered replica set primary cluster0-shard-00-01.oxxyi.mongodb.net:27017
2021-09-03 15:21:24.848  WARN 22912 --- [restartedMain] c.n.c.sources.URLConfigurationSource     : No URLs will be polled as dynamic configuration sources.
2021-09-03 15:21:24.848  INFO 22912 --- [restartedMain] c.n.c.sources.URLConfigurationSource     : To enable URLs as dynamic configuration sources, define System property archaius.configurationSource.additionalUrls or make config.properties available on classpath.
2021-09-03 15:21:24.879  WARN 22912 --- [restartedMain] c.n.c.sources.URLConfigurationSource     : No URLs will be polled as dynamic configuration sources.
2021-09-03 15:21:24.879  INFO 22912 --- [restartedMain] c.n.c.sources.URLConfigurationSource     : To enable URLs as dynamic configuration sources, define System property archaius.configurationSource.additionalUrls or make config.properties available on classpath.
2021-09-03 15:21:25.363  INFO 22912 --- [restartedMain] o.s.s.concurrent.ThreadPoolTaskExecutor  : Initializing ExecutorService 'applicationTaskExecutor'
2021-09-03 15:21:26.199  INFO 22912 --- [restartedMain] .s.s.UserDetailsServiceAutoConfiguration : 

Using generated security password: b504f3df-3c84-44c0-8477-c122f6fc0f6c

2021-09-03 15:21:26.578  INFO 22912 --- [restartedMain] o.s.s.web.DefaultSecurityFilterChain     : Creating filter chain: any request, [org.springframework.security.web.context.request.async.WebAsyncManagerIntegrationFilter@1c62251c, org.springframework.security.web.context.SecurityContextPersistenceFilter@2568cd4, org.springframework.security.web.header.HeaderWriterFilter@6d1bf569, org.springframework.security.web.authentication.logout.LogoutFilter@6e40ce2f, org.springframework.security.web.authentication.www.BasicAuthenticationFilter@517e541e, org.springframework.security.web.savedrequest.RequestCacheAwareFilter@474491a7, org.springframework.security.web.servletapi.SecurityContextHolderAwareRequestFilter@15e99470, org.springframework.security.web.authentication.AnonymousAuthenticationFilter@3456a7ee, org.springframework.security.web.access.ExceptionTranslationFilter@50337fdb, org.springframework.security.web.access.intercept.FilterSecurityInterceptor@597368af]
2021-09-03 15:21:33.756  WARN 22912 --- [restartedMain] ockingLoadBalancerClientRibbonWarnLogger : You already have RibbonLoadBalancerClient on your classpath. It will be used by default. As Spring Cloud Ribbon is in maintenance mode. We recommend switching to BlockingLoadBalancerClient instead. In order to use it, set the value of `spring.cloud.loadbalancer.ribbon.enabled` to `false` or remove spring-cloud-starter-netflix-ribbon from your project.
2021-09-03 15:21:34.016  INFO 22912 --- [restartedMain] o.s.c.n.eureka.InstanceInfoFactory       : Setting initial instance status as: STARTING
2021-09-03 15:21:34.373  INFO 22912 --- [restartedMain] com.netflix.discovery.DiscoveryClient    : Initializing Eureka in region us-east-1
2021-09-03 15:21:34.672  INFO 22912 --- [restartedMain] c.n.d.provider.DiscoveryJerseyProvider   : Using JSON encoding codec LegacyJacksonJson
2021-09-03 15:21:34.673  INFO 22912 --- [restartedMain] c.n.d.provider.DiscoveryJerseyProvider   : Using JSON decoding codec LegacyJacksonJson
2021-09-03 15:21:35.300  INFO 22912 --- [restartedMain] c.n.d.provider.DiscoveryJerseyProvider   : Using XML encoding codec XStreamXml
2021-09-03 15:21:35.302  INFO 22912 --- [restartedMain] c.n.d.provider.DiscoveryJerseyProvider   : Using XML decoding codec XStreamXml
2021-09-03 15:21:35.970  INFO 22912 --- [restartedMain] c.n.d.s.r.aws.ConfigClusterResolver      : Resolving eureka endpoints via configuration
2021-09-03 15:21:38.286  INFO 22912 --- [restartedMain] com.netflix.discovery.DiscoveryClient    : Disable delta property : false
2021-09-03 15:21:38.286  INFO 22912 --- [restartedMain] com.netflix.discovery.DiscoveryClient    : Single vip registry refresh property : null
2021-09-03 15:21:38.286  INFO 22912 --- [restartedMain] com.netflix.discovery.DiscoveryClient    : Force full registry fetch : false
2021-09-03 15:21:38.286  INFO 22912 --- [restartedMain] com.netflix.discovery.DiscoveryClient    : Application is null : false
2021-09-03 15:21:38.286  INFO 22912 --- [restartedMain] com.netflix.discovery.DiscoveryClient    : Registered Applications size is zero : true
2021-09-03 15:21:38.286  INFO 22912 --- [restartedMain] com.netflix.discovery.DiscoveryClient    : Application version is -1: true
2021-09-03 15:21:38.286  INFO 22912 --- [restartedMain] com.netflix.discovery.DiscoveryClient    : Getting all instance registry info from the eureka server
2021-09-03 15:21:38.906  INFO 22912 --- [restartedMain] com.netflix.discovery.DiscoveryClient    : The response status is 200
2021-09-03 15:21:38.914  INFO 22912 --- [restartedMain] com.netflix.discovery.DiscoveryClient    : Starting heartbeat executor: renew interval is: 30
2021-09-03 15:21:38.927  INFO 22912 --- [restartedMain] c.n.discovery.InstanceInfoReplicator     : InstanceInfoReplicator onDemand update allowed rate per min is 4
2021-09-03 15:21:38.937  INFO 22912 --- [restartedMain] com.netflix.discovery.DiscoveryClient    : Discovery Client initialized at timestamp 1630696898937 with initial instances count: 3
2021-09-03 15:21:38.937  INFO 22912 --- [restartedMain] o.s.c.n.e.s.EurekaServiceRegistry        : Registering application USER with eureka with status UP
2021-09-03 15:21:38.947  INFO 22912 --- [restartedMain] com.netflix.discovery.DiscoveryClient    : Saw local status change event StatusChangeEvent [timestamp=1630696898947, current=UP, previous=STARTING]
2021-09-03 15:21:38.955  INFO 22912 --- [DiscoveryClient-InstanceInfoReplicator-0] com.netflix.discovery.DiscoveryClient    : DiscoveryClient_USER/CA-LH77FR73.groupinfra.com:user:8084: registering service...
2021-09-03 15:21:39.050  INFO 22912 --- [restartedMain] o.s.b.w.embedded.tomcat.TomcatWebServer  : Tomcat started on port(s): 8084 (http) with context path ''
2021-09-03 15:21:39.050  INFO 22912 --- [restartedMain] .s.c.n.e.s.EurekaAutoServiceRegistration : Updating port to 8084
2021-09-03 15:21:39.070  INFO 22912 --- [DiscoveryClient-InstanceInfoReplicator-0] com.netflix.discovery.DiscoveryClient    : DiscoveryClient_USER/CA-LH77FR73.groupinfra.com:user:8084 - registration status: 204
2021-09-03 15:21:43.550  INFO 22912 --- [restartedMain] com.stackroute.UserserviceApplication    : Started UserserviceApplication in 45.834 seconds (JVM running for 49.53)
2021-09-03 15:26:38.302  INFO 22912 --- [AsyncResolver-bootstrap-executor-0] c.n.d.s.r.aws.ConfigClusterResolver      : Resolving eureka endpoints via configuration
