2021-09-03 15:18:23.939  INFO 21196 --- [restartedMain] com.stackroute.OrderServiceApplication   : The following profiles are active: test
2021-09-03 15:18:27.457  INFO 21196 --- [restartedMain] .s.d.r.c.RepositoryConfigurationDelegate : Bootstrapping Spring Data MongoDB repositories in DEFAULT mode.
2021-09-03 15:18:28.157  INFO 21196 --- [restartedMain] .s.d.r.c.RepositoryConfigurationDelegate : Finished Spring Data repository scanning in 691ms. Found 1 MongoDB repository interfaces.
2021-09-03 15:18:29.224  INFO 21196 --- [restartedMain] o.s.cloud.context.scope.GenericScope     : BeanFactory id=c33d6e5a-2daf-31f9-860b-f74730f8a666
2021-09-03 15:18:33.636  INFO 21196 --- [restartedMain] o.s.b.w.embedded.tomcat.TomcatWebServer  : Tomcat initialized with port(s): 8082 (http)
2021-09-03 15:18:33.687  INFO 21196 --- [restartedMain] o.apache.catalina.core.StandardService   : Starting service [Tomcat]
2021-09-03 15:18:33.687  INFO 21196 --- [restartedMain] org.apache.catalina.core.StandardEngine  : Starting Servlet engine: [Apache Tomcat/9.0.46]
2021-09-03 15:18:34.638  INFO 21196 --- [restartedMain] o.a.c.c.C.[Tomcat].[localhost].[/]       : Initializing Spring embedded WebApplicationContext
2021-09-03 15:18:34.638  INFO 21196 --- [restartedMain] w.s.c.ServletWebServerApplicationContext : Root WebApplicationContext: initialization completed in 10635 ms
2021-09-03 15:18:35.369  INFO 21196 --- [restartedMain] org.mongodb.driver.cluster               : Cluster created with settings {hosts=[127.0.0.1:27017], srvHost=cluster0.oxxyi.mongodb.net, mode=MULTIPLE, requiredClusterType=REPLICA_SET, serverSelectionTimeout='30000 ms', requiredReplicaSetName='atlas-ex1492-shard-0'}
2021-09-03 15:18:35.472  INFO 21196 --- [cluster-ClusterId{value='6132750b992bd81d5eae1aa9', description='null'}-srv-cluster0.oxxyi.mongodb.net] org.mongodb.driver.cluster               : Adding discovered server cluster0-shard-00-00.oxxyi.mongodb.net:27017 to client view of cluster
2021-09-03 15:18:35.585  INFO 21196 --- [cluster-ClusterId{value='6132750b992bd81d5eae1aa9', description='null'}-srv-cluster0.oxxyi.mongodb.net] org.mongodb.driver.cluster               : Adding discovered server cluster0-shard-00-01.oxxyi.mongodb.net:27017 to client view of cluster
2021-09-03 15:18:35.593  INFO 21196 --- [cluster-ClusterId{value='6132750b992bd81d5eae1aa9', description='null'}-srv-cluster0.oxxyi.mongodb.net] org.mongodb.driver.cluster               : Adding discovered server cluster0-shard-00-02.oxxyi.mongodb.net:27017 to client view of cluster
2021-09-03 15:18:35.767  WARN 21196 --- [restartedMain] o.s.data.convert.CustomConversions       : Registering converter from class java.time.LocalDateTime to class org.joda.time.LocalDateTime as reading converter although it doesn't convert from a store-supported type! You might want to check your annotation setup at the converter implementation.
2021-09-03 15:18:36.097  WARN 21196 --- [restartedMain] o.s.b.d.a.OptionalLiveReloadServer       : Unable to start LiveReload server
2021-09-03 15:18:36.292  WARN 21196 --- [restartedMain] o.s.data.convert.CustomConversions       : Registering converter from class java.time.LocalDateTime to class org.joda.time.LocalDateTime as reading converter although it doesn't convert from a store-supported type! You might want to check your annotation setup at the converter implementation.
2021-09-03 15:18:36.855  INFO 21196 --- [cluster-ClusterId{value='6132750b992bd81d5eae1aa9', description='null'}-cluster0-shard-00-01.oxxyi.mongodb.net:27017] org.mongodb.driver.connection            : Opened connection [connectionId{localValue:2, serverValue:373295}] to cluster0-shard-00-01.oxxyi.mongodb.net:27017
2021-09-03 15:18:36.855  INFO 21196 --- [cluster-ClusterId{value='6132750b992bd81d5eae1aa9', description='null'}-cluster0-shard-00-00.oxxyi.mongodb.net:27017] org.mongodb.driver.connection            : Opened connection [connectionId{localValue:1, serverValue:328215}] to cluster0-shard-00-00.oxxyi.mongodb.net:27017
2021-09-03 15:18:36.855  INFO 21196 --- [cluster-ClusterId{value='6132750b992bd81d5eae1aa9', description='null'}-cluster0-shard-00-02.oxxyi.mongodb.net:27017] org.mongodb.driver.connection            : Opened connection [connectionId{localValue:3, serverValue:327357}] to cluster0-shard-00-02.oxxyi.mongodb.net:27017
2021-09-03 15:18:36.902  INFO 21196 --- [cluster-ClusterId{value='6132750b992bd81d5eae1aa9', description='null'}-cluster0-shard-00-02.oxxyi.mongodb.net:27017] org.mongodb.driver.cluster               : Monitor thread successfully connected to server with description ServerDescription{address=cluster0-shard-00-02.oxxyi.mongodb.net:27017, type=REPLICA_SET_SECONDARY, state=CONNECTED, ok=true, minWireVersion=0, maxWireVersion=9, maxDocumentSize=16777216, logicalSessionTimeoutMinutes=30, roundTripTimeNanos=27054600, setName='atlas-ex1492-shard-0', canonicalAddress=cluster0-shard-00-02.oxxyi.mongodb.net:27017, hosts=[cluster0-shard-00-01.oxxyi.mongodb.net:27017, cluster0-shard-00-00.oxxyi.mongodb.net:27017, cluster0-shard-00-02.oxxyi.mongodb.net:27017], passives=[], arbiters=[], primary='cluster0-shard-00-01.oxxyi.mongodb.net:27017', tagSet=TagSet{[Tag{name='nodeType', value='ELECTABLE'}, Tag{name='provider', value='AZURE'}, Tag{name='region', value='CANADA_CENTRAL'}, Tag{name='workloadType', value='OPERATIONAL'}]}, electionId=null, setVersion=5, lastWriteDate=Fri Sep 03 15:18:35 EDT 2021, lastUpdateTimeNanos=28129364528000}
2021-09-03 15:18:36.902  INFO 21196 --- [cluster-ClusterId{value='6132750b992bd81d5eae1aa9', description='null'}-cluster0-shard-00-01.oxxyi.mongodb.net:27017] org.mongodb.driver.cluster               : Monitor thread successfully connected to server with description ServerDescription{address=cluster0-shard-00-01.oxxyi.mongodb.net:27017, type=REPLICA_SET_PRIMARY, state=CONNECTED, ok=true, minWireVersion=0, maxWireVersion=9, maxDocumentSize=16777216, logicalSessionTimeoutMinutes=30, roundTripTimeNanos=26806200, setName='atlas-ex1492-shard-0', canonicalAddress=cluster0-shard-00-01.oxxyi.mongodb.net:27017, hosts=[cluster0-shard-00-01.oxxyi.mongodb.net:27017, cluster0-shard-00-00.oxxyi.mongodb.net:27017, cluster0-shard-00-02.oxxyi.mongodb.net:27017], passives=[], arbiters=[], primary='cluster0-shard-00-01.oxxyi.mongodb.net:27017', tagSet=TagSet{[Tag{name='nodeType', value='ELECTABLE'}, Tag{name='provider', value='AZURE'}, Tag{name='region', value='CANADA_CENTRAL'}, Tag{name='workloadType', value='OPERATIONAL'}]}, electionId=7fffffff000000000000003b, setVersion=5, lastWriteDate=Fri Sep 03 15:18:35 EDT 2021, lastUpdateTimeNanos=28129364528000}
2021-09-03 15:18:36.902  INFO 21196 --- [cluster-ClusterId{value='6132750b992bd81d5eae1aa9', description='null'}-cluster0-shard-00-00.oxxyi.mongodb.net:27017] org.mongodb.driver.cluster               : Monitor thread successfully connected to server with description ServerDescription{address=cluster0-shard-00-00.oxxyi.mongodb.net:27017, type=REPLICA_SET_SECONDARY, state=CONNECTED, ok=true, minWireVersion=0, maxWireVersion=9, maxDocumentSize=16777216, logicalSessionTimeoutMinutes=30, roundTripTimeNanos=27467300, setName='atlas-ex1492-shard-0', canonicalAddress=cluster0-shard-00-00.oxxyi.mongodb.net:27017, hosts=[cluster0-shard-00-01.oxxyi.mongodb.net:27017, cluster0-shard-00-00.oxxyi.mongodb.net:27017, cluster0-shard-00-02.oxxyi.mongodb.net:27017], passives=[], arbiters=[], primary='cluster0-shard-00-01.oxxyi.mongodb.net:27017', tagSet=TagSet{[Tag{name='nodeType', value='ELECTABLE'}, Tag{name='provider', value='AZURE'}, Tag{name='region', value='CANADA_CENTRAL'}, Tag{name='workloadType', value='OPERATIONAL'}]}, electionId=null, setVersion=5, lastWriteDate=Fri Sep 03 15:18:35 EDT 2021, lastUpdateTimeNanos=28129364528500}
2021-09-03 15:18:36.902  INFO 21196 --- [cluster-ClusterId{value='6132750b992bd81d5eae1aa9', description='null'}-cluster0-shard-00-01.oxxyi.mongodb.net:27017] org.mongodb.driver.cluster               : Setting max election id to 7fffffff000000000000003b from replica set primary cluster0-shard-00-01.oxxyi.mongodb.net:27017
2021-09-03 15:18:36.902  INFO 21196 --- [cluster-ClusterId{value='6132750b992bd81d5eae1aa9', description='null'}-cluster0-shard-00-01.oxxyi.mongodb.net:27017] org.mongodb.driver.cluster               : Setting max set version to 5 from replica set primary cluster0-shard-00-01.oxxyi.mongodb.net:27017
2021-09-03 15:18:36.902  INFO 21196 --- [cluster-ClusterId{value='6132750b992bd81d5eae1aa9', description='null'}-cluster0-shard-00-01.oxxyi.mongodb.net:27017] org.mongodb.driver.cluster               : Discovered replica set primary cluster0-shard-00-01.oxxyi.mongodb.net:27017
2021-09-03 15:18:38.346  WARN 21196 --- [restartedMain] c.n.c.sources.URLConfigurationSource     : No URLs will be polled as dynamic configuration sources.
2021-09-03 15:18:38.346  INFO 21196 --- [restartedMain] c.n.c.sources.URLConfigurationSource     : To enable URLs as dynamic configuration sources, define System property archaius.configurationSource.additionalUrls or make config.properties available on classpath.
2021-09-03 15:18:38.367  WARN 21196 --- [restartedMain] c.n.c.sources.URLConfigurationSource     : No URLs will be polled as dynamic configuration sources.
2021-09-03 15:18:38.375  INFO 21196 --- [restartedMain] c.n.c.sources.URLConfigurationSource     : To enable URLs as dynamic configuration sources, define System property archaius.configurationSource.additionalUrls or make config.properties available on classpath.
2021-09-03 15:18:38.818  INFO 21196 --- [restartedMain] o.s.s.concurrent.ThreadPoolTaskExecutor  : Initializing ExecutorService 'applicationTaskExecutor'
2021-09-03 15:18:47.250  WARN 21196 --- [restartedMain] ockingLoadBalancerClientRibbonWarnLogger : You already have RibbonLoadBalancerClient on your classpath. It will be used by default. As Spring Cloud Ribbon is in maintenance mode. We recommend switching to BlockingLoadBalancerClient instead. In order to use it, set the value of `spring.cloud.loadbalancer.ribbon.enabled` to `false` or remove spring-cloud-starter-netflix-ribbon from your project.
2021-09-03 15:18:47.506  INFO 21196 --- [restartedMain] o.s.c.n.eureka.InstanceInfoFactory       : Setting initial instance status as: STARTING
2021-09-03 15:18:47.855  INFO 21196 --- [restartedMain] com.netflix.discovery.DiscoveryClient    : Initializing Eureka in region us-east-1
2021-09-03 15:18:48.159  INFO 21196 --- [restartedMain] c.n.d.provider.DiscoveryJerseyProvider   : Using JSON encoding codec LegacyJacksonJson
2021-09-03 15:18:48.161  INFO 21196 --- [restartedMain] c.n.d.provider.DiscoveryJerseyProvider   : Using JSON decoding codec LegacyJacksonJson
2021-09-03 15:18:48.820  INFO 21196 --- [restartedMain] c.n.d.provider.DiscoveryJerseyProvider   : Using XML encoding codec XStreamXml
2021-09-03 15:18:48.821  INFO 21196 --- [restartedMain] c.n.d.provider.DiscoveryJerseyProvider   : Using XML decoding codec XStreamXml
2021-09-03 15:18:49.480  INFO 21196 --- [restartedMain] c.n.d.s.r.aws.ConfigClusterResolver      : Resolving eureka endpoints via configuration
2021-09-03 15:18:52.178  INFO 21196 --- [restartedMain] com.netflix.discovery.DiscoveryClient    : Disable delta property : false
2021-09-03 15:18:52.180  INFO 21196 --- [restartedMain] com.netflix.discovery.DiscoveryClient    : Single vip registry refresh property : null
2021-09-03 15:18:52.181  INFO 21196 --- [restartedMain] com.netflix.discovery.DiscoveryClient    : Force full registry fetch : false
2021-09-03 15:18:52.183  INFO 21196 --- [restartedMain] com.netflix.discovery.DiscoveryClient    : Application is null : false
2021-09-03 15:18:52.185  INFO 21196 --- [restartedMain] com.netflix.discovery.DiscoveryClient    : Registered Applications size is zero : true
2021-09-03 15:18:52.185  INFO 21196 --- [restartedMain] com.netflix.discovery.DiscoveryClient    : Application version is -1: true
2021-09-03 15:18:52.187  INFO 21196 --- [restartedMain] com.netflix.discovery.DiscoveryClient    : Getting all instance registry info from the eureka server
2021-09-03 15:18:52.826  INFO 21196 --- [restartedMain] com.netflix.discovery.DiscoveryClient    : The response status is 200
2021-09-03 15:18:52.836  INFO 21196 --- [restartedMain] com.netflix.discovery.DiscoveryClient    : Starting heartbeat executor: renew interval is: 30
2021-09-03 15:18:52.846  INFO 21196 --- [restartedMain] c.n.discovery.InstanceInfoReplicator     : InstanceInfoReplicator onDemand update allowed rate per min is 4
2021-09-03 15:18:52.859  INFO 21196 --- [restartedMain] com.netflix.discovery.DiscoveryClient    : Discovery Client initialized at timestamp 1630696732855 with initial instances count: 2
2021-09-03 15:18:52.861  INFO 21196 --- [restartedMain] o.s.c.n.e.s.EurekaServiceRegistry        : Registering application ORDER with eureka with status UP
2021-09-03 15:18:52.864  INFO 21196 --- [restartedMain] com.netflix.discovery.DiscoveryClient    : Saw local status change event StatusChangeEvent [timestamp=1630696732864, current=UP, previous=STARTING]
2021-09-03 15:18:52.873  INFO 21196 --- [DiscoveryClient-InstanceInfoReplicator-0] com.netflix.discovery.DiscoveryClient    : DiscoveryClient_ORDER/CA-LH77FR73.groupinfra.com:order:8082: registering service...
2021-09-03 15:18:52.957  INFO 21196 --- [restartedMain] o.s.b.w.embedded.tomcat.TomcatWebServer  : Tomcat started on port(s): 8082 (http) with context path ''
2021-09-03 15:18:52.959  INFO 21196 --- [restartedMain] .s.c.n.e.s.EurekaAutoServiceRegistration : Updating port to 8082
2021-09-03 15:18:52.976  INFO 21196 --- [DiscoveryClient-InstanceInfoReplicator-0] com.netflix.discovery.DiscoveryClient    : DiscoveryClient_ORDER/CA-LH77FR73.groupinfra.com:order:8082 - registration status: 204
2021-09-03 15:18:57.534  INFO 21196 --- [restartedMain] com.stackroute.OrderServiceApplication   : Started OrderServiceApplication in 45.018 seconds (JVM running for 48.372)
2021-09-03 15:23:52.201  INFO 21196 --- [AsyncResolver-bootstrap-executor-0] c.n.d.s.r.aws.ConfigClusterResolver      : Resolving eureka endpoints via configuration
