2021-09-03 15:14:43.653  INFO 20704 --- [restartedMain] com.stackroute.CartServiceApplication    : The following profiles are active: test
2021-09-03 15:14:47.876  INFO 20704 --- [restartedMain] .s.d.r.c.RepositoryConfigurationDelegate : Bootstrapping Spring Data MongoDB repositories in DEFAULT mode.
2021-09-03 15:14:48.671  INFO 20704 --- [restartedMain] .s.d.r.c.RepositoryConfigurationDelegate : Finished Spring Data repository scanning in 783ms. Found 1 MongoDB repository interfaces.
2021-09-03 15:14:49.746  INFO 20704 --- [restartedMain] o.s.cloud.context.scope.GenericScope     : BeanFactory id=25797716-b698-3641-b4a6-c38bc4811b8e
2021-09-03 15:14:54.316  INFO 20704 --- [restartedMain] o.s.b.w.embedded.tomcat.TomcatWebServer  : Tomcat initialized with port(s): 8081 (http)
2021-09-03 15:14:54.366  INFO 20704 --- [restartedMain] o.apache.catalina.core.StandardService   : Starting service [Tomcat]
2021-09-03 15:14:54.366  INFO 20704 --- [restartedMain] org.apache.catalina.core.StandardEngine  : Starting Servlet engine: [Apache Tomcat/9.0.46]
2021-09-03 15:14:55.281  INFO 20704 --- [restartedMain] o.a.c.c.C.[Tomcat].[localhost].[/]       : Initializing Spring embedded WebApplicationContext
2021-09-03 15:14:55.281  INFO 20704 --- [restartedMain] w.s.c.ServletWebServerApplicationContext : Root WebApplicationContext: initialization completed in 11559 ms
2021-09-03 15:14:56.112  INFO 20704 --- [restartedMain] org.mongodb.driver.cluster               : Cluster created with settings {hosts=[127.0.0.1:27017], srvHost=cluster0.oxxyi.mongodb.net, mode=MULTIPLE, requiredClusterType=REPLICA_SET, serverSelectionTimeout='30000 ms', requiredReplicaSetName='atlas-ex1492-shard-0'}
2021-09-03 15:14:56.264  INFO 20704 --- [cluster-ClusterId{value='613274309fbb423d04f365b2', description='null'}-srv-cluster0.oxxyi.mongodb.net] org.mongodb.driver.cluster               : Adding discovered server cluster0-shard-00-00.oxxyi.mongodb.net:27017 to client view of cluster
2021-09-03 15:14:56.378  INFO 20704 --- [cluster-ClusterId{value='613274309fbb423d04f365b2', description='null'}-srv-cluster0.oxxyi.mongodb.net] org.mongodb.driver.cluster               : Adding discovered server cluster0-shard-00-01.oxxyi.mongodb.net:27017 to client view of cluster
2021-09-03 15:14:56.378  INFO 20704 --- [cluster-ClusterId{value='613274309fbb423d04f365b2', description='null'}-srv-cluster0.oxxyi.mongodb.net] org.mongodb.driver.cluster               : Adding discovered server cluster0-shard-00-02.oxxyi.mongodb.net:27017 to client view of cluster
2021-09-03 15:14:56.558  WARN 20704 --- [restartedMain] o.s.data.convert.CustomConversions       : Registering converter from class java.time.LocalDateTime to class org.joda.time.LocalDateTime as reading converter although it doesn't convert from a store-supported type! You might want to check your annotation setup at the converter implementation.
2021-09-03 15:14:56.891  INFO 20704 --- [restartedMain] o.s.b.d.a.OptionalLiveReloadServer       : LiveReload server is running on port 35729
2021-09-03 15:14:57.070  WARN 20704 --- [restartedMain] o.s.data.convert.CustomConversions       : Registering converter from class java.time.LocalDateTime to class org.joda.time.LocalDateTime as reading converter although it doesn't convert from a store-supported type! You might want to check your annotation setup at the converter implementation.
2021-09-03 15:14:57.778  INFO 20704 --- [cluster-ClusterId{value='613274309fbb423d04f365b2', description='null'}-cluster0-shard-00-01.oxxyi.mongodb.net:27017] org.mongodb.driver.connection            : Opened connection [connectionId{localValue:2, serverValue:373317}] to cluster0-shard-00-01.oxxyi.mongodb.net:27017
2021-09-03 15:14:57.778  INFO 20704 --- [cluster-ClusterId{value='613274309fbb423d04f365b2', description='null'}-cluster0-shard-00-00.oxxyi.mongodb.net:27017] org.mongodb.driver.connection            : Opened connection [connectionId{localValue:1, serverValue:328053}] to cluster0-shard-00-00.oxxyi.mongodb.net:27017
2021-09-03 15:14:57.778  INFO 20704 --- [cluster-ClusterId{value='613274309fbb423d04f365b2', description='null'}-cluster0-shard-00-02.oxxyi.mongodb.net:27017] org.mongodb.driver.connection            : Opened connection [connectionId{localValue:3, serverValue:327312}] to cluster0-shard-00-02.oxxyi.mongodb.net:27017
2021-09-03 15:14:57.825  INFO 20704 --- [cluster-ClusterId{value='613274309fbb423d04f365b2', description='null'}-cluster0-shard-00-01.oxxyi.mongodb.net:27017] org.mongodb.driver.cluster               : Monitor thread successfully connected to server with description ServerDescription{address=cluster0-shard-00-01.oxxyi.mongodb.net:27017, type=REPLICA_SET_PRIMARY, state=CONNECTED, ok=true, minWireVersion=0, maxWireVersion=9, maxDocumentSize=16777216, logicalSessionTimeoutMinutes=30, roundTripTimeNanos=35719900, setName='atlas-ex1492-shard-0', canonicalAddress=cluster0-shard-00-01.oxxyi.mongodb.net:27017, hosts=[cluster0-shard-00-01.oxxyi.mongodb.net:27017, cluster0-shard-00-00.oxxyi.mongodb.net:27017, cluster0-shard-00-02.oxxyi.mongodb.net:27017], passives=[], arbiters=[], primary='cluster0-shard-00-01.oxxyi.mongodb.net:27017', tagSet=TagSet{[Tag{name='nodeType', value='ELECTABLE'}, Tag{name='provider', value='AZURE'}, Tag{name='region', value='CANADA_CENTRAL'}, Tag{name='workloadType', value='OPERATIONAL'}]}, electionId=7fffffff000000000000003b, setVersion=5, lastWriteDate=Fri Sep 03 15:14:57 EDT 2021, lastUpdateTimeNanos=27910295693700}
2021-09-03 15:14:57.825  INFO 20704 --- [cluster-ClusterId{value='613274309fbb423d04f365b2', description='null'}-cluster0-shard-00-00.oxxyi.mongodb.net:27017] org.mongodb.driver.cluster               : Monitor thread successfully connected to server with description ServerDescription{address=cluster0-shard-00-00.oxxyi.mongodb.net:27017, type=REPLICA_SET_SECONDARY, state=CONNECTED, ok=true, minWireVersion=0, maxWireVersion=9, maxDocumentSize=16777216, logicalSessionTimeoutMinutes=30, roundTripTimeNanos=35720000, setName='atlas-ex1492-shard-0', canonicalAddress=cluster0-shard-00-00.oxxyi.mongodb.net:27017, hosts=[cluster0-shard-00-01.oxxyi.mongodb.net:27017, cluster0-shard-00-00.oxxyi.mongodb.net:27017, cluster0-shard-00-02.oxxyi.mongodb.net:27017], passives=[], arbiters=[], primary='cluster0-shard-00-01.oxxyi.mongodb.net:27017', tagSet=TagSet{[Tag{name='nodeType', value='ELECTABLE'}, Tag{name='provider', value='AZURE'}, Tag{name='region', value='CANADA_CENTRAL'}, Tag{name='workloadType', value='OPERATIONAL'}]}, electionId=null, setVersion=5, lastWriteDate=Fri Sep 03 15:14:57 EDT 2021, lastUpdateTimeNanos=27910295690600}
2021-09-03 15:14:57.825  INFO 20704 --- [cluster-ClusterId{value='613274309fbb423d04f365b2', description='null'}-cluster0-shard-00-02.oxxyi.mongodb.net:27017] org.mongodb.driver.cluster               : Monitor thread successfully connected to server with description ServerDescription{address=cluster0-shard-00-02.oxxyi.mongodb.net:27017, type=REPLICA_SET_SECONDARY, state=CONNECTED, ok=true, minWireVersion=0, maxWireVersion=9, maxDocumentSize=16777216, logicalSessionTimeoutMinutes=30, roundTripTimeNanos=35656700, setName='atlas-ex1492-shard-0', canonicalAddress=cluster0-shard-00-02.oxxyi.mongodb.net:27017, hosts=[cluster0-shard-00-01.oxxyi.mongodb.net:27017, cluster0-shard-00-00.oxxyi.mongodb.net:27017, cluster0-shard-00-02.oxxyi.mongodb.net:27017], passives=[], arbiters=[], primary='cluster0-shard-00-01.oxxyi.mongodb.net:27017', tagSet=TagSet{[Tag{name='nodeType', value='ELECTABLE'}, Tag{name='provider', value='AZURE'}, Tag{name='region', value='CANADA_CENTRAL'}, Tag{name='workloadType', value='OPERATIONAL'}]}, electionId=null, setVersion=5, lastWriteDate=Fri Sep 03 15:14:57 EDT 2021, lastUpdateTimeNanos=27910295693200}
2021-09-03 15:14:57.841  INFO 20704 --- [cluster-ClusterId{value='613274309fbb423d04f365b2', description='null'}-cluster0-shard-00-01.oxxyi.mongodb.net:27017] org.mongodb.driver.cluster               : Setting max election id to 7fffffff000000000000003b from replica set primary cluster0-shard-00-01.oxxyi.mongodb.net:27017
2021-09-03 15:14:57.841  INFO 20704 --- [cluster-ClusterId{value='613274309fbb423d04f365b2', description='null'}-cluster0-shard-00-01.oxxyi.mongodb.net:27017] org.mongodb.driver.cluster               : Setting max set version to 5 from replica set primary cluster0-shard-00-01.oxxyi.mongodb.net:27017
2021-09-03 15:14:57.841  INFO 20704 --- [cluster-ClusterId{value='613274309fbb423d04f365b2', description='null'}-cluster0-shard-00-01.oxxyi.mongodb.net:27017] org.mongodb.driver.cluster               : Discovered replica set primary cluster0-shard-00-01.oxxyi.mongodb.net:27017
2021-09-03 15:14:59.037  WARN 20704 --- [restartedMain] c.n.c.sources.URLConfigurationSource     : No URLs will be polled as dynamic configuration sources.
2021-09-03 15:14:59.045  INFO 20704 --- [restartedMain] c.n.c.sources.URLConfigurationSource     : To enable URLs as dynamic configuration sources, define System property archaius.configurationSource.additionalUrls or make config.properties available on classpath.
2021-09-03 15:14:59.065  WARN 20704 --- [restartedMain] c.n.c.sources.URLConfigurationSource     : No URLs will be polled as dynamic configuration sources.
2021-09-03 15:14:59.068  INFO 20704 --- [restartedMain] c.n.c.sources.URLConfigurationSource     : To enable URLs as dynamic configuration sources, define System property archaius.configurationSource.additionalUrls or make config.properties available on classpath.
2021-09-03 15:14:59.520  INFO 20704 --- [restartedMain] o.s.s.concurrent.ThreadPoolTaskExecutor  : Initializing ExecutorService 'applicationTaskExecutor'
2021-09-03 15:15:08.326  WARN 20704 --- [restartedMain] ockingLoadBalancerClientRibbonWarnLogger : You already have RibbonLoadBalancerClient on your classpath. It will be used by default. As Spring Cloud Ribbon is in maintenance mode. We recommend switching to BlockingLoadBalancerClient instead. In order to use it, set the value of `spring.cloud.loadbalancer.ribbon.enabled` to `false` or remove spring-cloud-starter-netflix-ribbon from your project.
2021-09-03 15:15:08.636  INFO 20704 --- [restartedMain] o.s.c.n.eureka.InstanceInfoFactory       : Setting initial instance status as: STARTING
2021-09-03 15:15:09.013  INFO 20704 --- [restartedMain] com.netflix.discovery.DiscoveryClient    : Initializing Eureka in region us-east-1
2021-09-03 15:15:09.362  INFO 20704 --- [restartedMain] c.n.d.provider.DiscoveryJerseyProvider   : Using JSON encoding codec LegacyJacksonJson
2021-09-03 15:15:09.364  INFO 20704 --- [restartedMain] c.n.d.provider.DiscoveryJerseyProvider   : Using JSON decoding codec LegacyJacksonJson
2021-09-03 15:15:10.081  INFO 20704 --- [restartedMain] c.n.d.provider.DiscoveryJerseyProvider   : Using XML encoding codec XStreamXml
2021-09-03 15:15:10.089  INFO 20704 --- [restartedMain] c.n.d.provider.DiscoveryJerseyProvider   : Using XML decoding codec XStreamXml
2021-09-03 15:15:10.881  INFO 20704 --- [restartedMain] c.n.d.s.r.aws.ConfigClusterResolver      : Resolving eureka endpoints via configuration
2021-09-03 15:15:13.406  INFO 20704 --- [restartedMain] com.netflix.discovery.DiscoveryClient    : Disable delta property : false
2021-09-03 15:15:13.407  INFO 20704 --- [restartedMain] com.netflix.discovery.DiscoveryClient    : Single vip registry refresh property : null
2021-09-03 15:15:13.409  INFO 20704 --- [restartedMain] com.netflix.discovery.DiscoveryClient    : Force full registry fetch : false
2021-09-03 15:15:13.409  INFO 20704 --- [restartedMain] com.netflix.discovery.DiscoveryClient    : Application is null : false
2021-09-03 15:15:13.411  INFO 20704 --- [restartedMain] com.netflix.discovery.DiscoveryClient    : Registered Applications size is zero : true
2021-09-03 15:15:13.411  INFO 20704 --- [restartedMain] com.netflix.discovery.DiscoveryClient    : Application version is -1: true
2021-09-03 15:15:13.412  INFO 20704 --- [restartedMain] com.netflix.discovery.DiscoveryClient    : Getting all instance registry info from the eureka server
2021-09-03 15:15:14.153  INFO 20704 --- [restartedMain] com.netflix.discovery.DiscoveryClient    : The response status is 200
2021-09-03 15:15:14.161  INFO 20704 --- [restartedMain] com.netflix.discovery.DiscoveryClient    : Starting heartbeat executor: renew interval is: 30
2021-09-03 15:15:14.170  INFO 20704 --- [restartedMain] c.n.discovery.InstanceInfoReplicator     : InstanceInfoReplicator onDemand update allowed rate per min is 4
2021-09-03 15:15:14.181  INFO 20704 --- [restartedMain] com.netflix.discovery.DiscoveryClient    : Discovery Client initialized at timestamp 1630696514179 with initial instances count: 1
2021-09-03 15:15:14.185  INFO 20704 --- [restartedMain] o.s.c.n.e.s.EurekaServiceRegistry        : Registering application CART with eureka with status UP
2021-09-03 15:15:14.187  INFO 20704 --- [restartedMain] com.netflix.discovery.DiscoveryClient    : Saw local status change event StatusChangeEvent [timestamp=1630696514187, current=UP, previous=STARTING]
2021-09-03 15:15:14.195  INFO 20704 --- [DiscoveryClient-InstanceInfoReplicator-0] com.netflix.discovery.DiscoveryClient    : DiscoveryClient_CART/CA-LH77FR73.groupinfra.com:cart:8081: registering service...
2021-09-03 15:15:14.282  INFO 20704 --- [restartedMain] o.s.b.w.embedded.tomcat.TomcatWebServer  : Tomcat started on port(s): 8081 (http) with context path ''
2021-09-03 15:15:14.287  INFO 20704 --- [restartedMain] .s.c.n.e.s.EurekaAutoServiceRegistration : Updating port to 8081
2021-09-03 15:15:14.306  INFO 20704 --- [DiscoveryClient-InstanceInfoReplicator-0] com.netflix.discovery.DiscoveryClient    : DiscoveryClient_CART/CA-LH77FR73.groupinfra.com:cart:8081 - registration status: 204
2021-09-03 15:15:18.890  INFO 20704 --- [restartedMain] com.stackroute.CartServiceApplication    : Started CartServiceApplication in 46.703 seconds (JVM running for 50.611)
2021-09-03 15:20:13.423  INFO 20704 --- [AsyncResolver-bootstrap-executor-0] c.n.d.s.r.aws.ConfigClusterResolver      : Resolving eureka endpoints via configuration
2021-09-03 15:25:13.433  INFO 20704 --- [AsyncResolver-bootstrap-executor-0] c.n.d.s.r.aws.ConfigClusterResolver      : Resolving eureka endpoints via configuration
