2021-09-07 12:58:20.531  INFO 3792 --- [main] c.s.e.EurekaserviceApplicationTests      : Starting EurekaserviceApplicationTests using Java 11.0.11 on CA-LD9LQ5Y2 with PID 3792 (started by jesse.tsang in C:\Users\jesse.tsang\jeanstation\eurekaservice)
2021-09-07 12:58:20.533  INFO 3792 --- [main] c.s.e.EurekaserviceApplicationTests      : No active profile set, falling back to default profiles: default
2021-09-07 12:58:21.527  INFO 3792 --- [main] o.s.cloud.context.scope.GenericScope     : BeanFactory id=78f7eca9-fba0-3e4d-8a72-8efa9e1b4a26
2021-09-07 12:58:24.250  INFO 3792 --- [main] o.s.cloud.commons.util.InetUtils         : Cannot determine local hostname
2021-09-07 12:58:26.042  INFO 3792 --- [main] o.s.cloud.commons.util.InetUtils         : Cannot determine local hostname
2021-09-07 12:58:26.057  INFO 3792 --- [main] DiscoveryClientOptionalArgsConfiguration : Eureka HTTP Client uses Jersey
2021-09-07 12:58:26.179  WARN 3792 --- [main] iguration$LoadBalancerCaffeineWarnLogger : Spring Cloud LoadBalancer is currently working with the default cache. You can switch to using Caffeine cache, by adding it and org.springframework.cache.caffeine.CaffeineCacheManager to the classpath.
2021-09-07 12:58:26.356  INFO 3792 --- [main] o.s.c.n.eureka.InstanceInfoFactory       : Setting initial instance status as: STARTING
2021-09-07 12:58:26.395  INFO 3792 --- [main] com.netflix.discovery.DiscoveryClient    : Initializing Eureka in region us-east-1
2021-09-07 12:58:26.397  INFO 3792 --- [main] com.netflix.discovery.DiscoveryClient    : Client configured to neither register nor query for data.
2021-09-07 12:58:26.407  INFO 3792 --- [main] com.netflix.discovery.DiscoveryClient    : Discovery Client initialized at timestamp 1631033906407 with initial instances count: 0
2021-09-07 12:58:26.464  INFO 3792 --- [main] c.n.eureka.DefaultEurekaServerContext    : Initializing ...
2021-09-07 12:58:26.467  INFO 3792 --- [main] c.n.eureka.cluster.PeerEurekaNodes       : Adding new peer nodes [http://localhost:8761/eureka/]
2021-09-07 12:58:26.986  INFO 3792 --- [main] c.n.d.provider.DiscoveryJerseyProvider   : Using JSON encoding codec LegacyJacksonJson
2021-09-07 12:58:26.987  INFO 3792 --- [main] c.n.d.provider.DiscoveryJerseyProvider   : Using JSON decoding codec LegacyJacksonJson
2021-09-07 12:58:26.987  INFO 3792 --- [main] c.n.d.provider.DiscoveryJerseyProvider   : Using XML encoding codec XStreamXml
2021-09-07 12:58:26.987  INFO 3792 --- [main] c.n.d.provider.DiscoveryJerseyProvider   : Using XML decoding codec XStreamXml
2021-09-07 12:58:27.164  INFO 3792 --- [main] c.n.eureka.cluster.PeerEurekaNodes       : Replica node URL:  http://localhost:8761/eureka/
2021-09-07 12:58:27.172  INFO 3792 --- [main] c.n.e.registry.AbstractInstanceRegistry  : Finished initializing remote region registries. All known remote regions: []
2021-09-07 12:58:27.173  INFO 3792 --- [main] c.n.eureka.DefaultEurekaServerContext    : Initialized
2021-09-07 12:58:27.345  INFO 3792 --- [main] o.s.b.a.e.web.EndpointLinksResolver      : Exposing 1 endpoint(s) beneath base path '/actuator'
2021-09-07 12:58:27.389  INFO 3792 --- [main] o.s.c.n.e.s.EurekaServiceRegistry        : Registering application EUREKA with eureka with status UP
2021-09-07 12:58:27.391  INFO 3792 --- [Thread-9] o.s.c.n.e.server.EurekaServerBootstrap   : Setting the eureka configuration..
2021-09-07 12:58:27.402  INFO 3792 --- [Thread-9] o.s.c.n.e.server.EurekaServerBootstrap   : isAws returned false
2021-09-07 12:58:27.403  INFO 3792 --- [Thread-9] o.s.c.n.e.server.EurekaServerBootstrap   : Initialized server context
2021-09-07 12:58:27.403  INFO 3792 --- [Thread-9] c.n.e.r.PeerAwareInstanceRegistryImpl    : Got 1 instances from neighboring DS node
2021-09-07 12:58:27.403  INFO 3792 --- [Thread-9] c.n.e.r.PeerAwareInstanceRegistryImpl    : Renew threshold is: 1
2021-09-07 12:58:27.403  INFO 3792 --- [Thread-9] c.n.e.r.PeerAwareInstanceRegistryImpl    : Changing status to UP
2021-09-07 12:58:27.406  INFO 3792 --- [main] c.s.e.EurekaserviceApplicationTests      : Started EurekaserviceApplicationTests in 8.702 seconds (JVM running for 9.703)
2021-09-07 12:58:27.415  INFO 3792 --- [Thread-9] e.s.EurekaServerInitializerConfiguration : Started Eureka Server
2021-09-07 12:58:27.811  INFO 3792 --- [SpringApplicationShutdownHook] o.s.c.n.e.s.EurekaServiceRegistry        : Unregistering application EUREKA with eureka with status DOWN
2021-09-07 12:58:27.812  INFO 3792 --- [SpringApplicationShutdownHook] o.s.c.n.e.server.EurekaServerBootstrap   : Shutting down Eureka Server..
2021-09-07 12:58:27.817  INFO 3792 --- [SpringApplicationShutdownHook] c.n.eureka.DefaultEurekaServerContext    : Shutting down ...
2021-09-07 12:58:27.831  INFO 3792 --- [SpringApplicationShutdownHook] c.n.eureka.DefaultEurekaServerContext    : Shut down
2021-09-07 12:58:27.832  INFO 3792 --- [SpringApplicationShutdownHook] o.s.c.n.e.server.EurekaServerBootstrap   : Eureka Service is now shutdown...
2021-09-07 12:58:27.833  INFO 3792 --- [SpringApplicationShutdownHook] c.n.eureka.DefaultEurekaServerContext    : Shutting down ...
2021-09-07 12:58:27.836  INFO 3792 --- [SpringApplicationShutdownHook] c.n.eureka.DefaultEurekaServerContext    : Shut down
2021-09-07 12:58:27.842  INFO 3792 --- [SpringApplicationShutdownHook] com.netflix.discovery.DiscoveryClient    : Shutting down DiscoveryClient ...
2021-09-07 12:58:27.843  INFO 3792 --- [SpringApplicationShutdownHook] com.netflix.discovery.DiscoveryClient    : Completed shut down of DiscoveryClient
